Build started 29/10/2013 11:17:27.
     1>Project "C:\Users\radoms_m\Desktop\RType_vs2010\RType_vs2010\RType_vs2010.vcxproj" on node 2 (build target(s)).
     1>InitializeBuildStatus:
         Touching "Debug\RType_vs2010.unsuccessfulbuild".
       ClCompile:
         All outputs are up-to-date.
       ManifestResourceCompile:
         All outputs are up-to-date.
       Link:
         c:\Program Files (x86)\Microsoft Visual Studio 10.0\VC\bin\link.exe /ERRORREPORT:PROMPT /OUT:"C:\Users\radoms_m\Desktop\RType_vs2010\Debug\RType_vs2010.exe" /INCREMENTAL /NOLOGO /LIBPATH:"C:\Users\radoms_m\Desktop\SFML-2.1-windows-vc10-32bits\SFML-2.1\lib" "sfml-window-s.lib" "sfml-system-s.lib" "sfml-network-s.lib" "sfml-graphics-s.lib" "sfml-audio-s.lib" kernel32.lib user32.lib gdi32.lib winspool.lib comdlg32.lib advapi32.lib shell32.lib ole32.lib oleaut32.lib uuid.lib odbc32.lib odbccp32.lib /MANIFEST /ManifestFile:"Debug\RType_vs2010.exe.intermediate.manifest" /MANIFESTUAC:"level='asInvoker' uiAccess='false'" /DEBUG /PDB:"C:\Users\radoms_m\Desktop\RType_vs2010\Debug\RType_vs2010.pdb" /SUBSYSTEM:CONSOLE /TLBID:1 /DYNAMICBASE /NXCOMPAT /IMPLIB:"C:\Users\radoms_m\Desktop\RType_vs2010\Debug\RType_vs2010.lib" /MACHINE:X86 Debug\RType_vs2010.exe.embed.manifest.res
         Debug\main.obj
     1>sfml-window-s.lib(Window.cpp.obj) : error LNK2038: mismatch detected for '_ITERATOR_DEBUG_LEVEL': value '0' doesn't match value '2' in main.obj
     1>sfml-window-s.lib(VideoMode.cpp.obj) : error LNK2038: mismatch detected for '_ITERATOR_DEBUG_LEVEL': value '0' doesn't match value '2' in main.obj
     1>sfml-window-s.lib(GlContext.cpp.obj) : error LNK2038: mismatch detected for '_ITERATOR_DEBUG_LEVEL': value '0' doesn't match value '2' in main.obj
     1>sfml-window-s.lib(WindowImpl.cpp.obj) : error LNK2038: mismatch detected for '_ITERATOR_DEBUG_LEVEL': value '0' doesn't match value '2' in main.obj
     1>sfml-window-s.lib(VideoModeImpl.cpp.obj) : error LNK2038: mismatch detected for '_ITERATOR_DEBUG_LEVEL': value '0' doesn't match value '2' in main.obj
     1>sfml-window-s.lib(WglContext.cpp.obj) : error LNK2038: mismatch detected for '_ITERATOR_DEBUG_LEVEL': value '0' doesn't match value '2' in main.obj
     1>sfml-window-s.lib(WindowImplWin32.cpp.obj) : error LNK2038: mismatch detected for '_ITERATOR_DEBUG_LEVEL': value '0' doesn't match value '2' in main.obj
     1>sfml-window-s.lib(JoystickManager.cpp.obj) : error LNK2038: mismatch detected for '_ITERATOR_DEBUG_LEVEL': value '0' doesn't match value '2' in main.obj
     1>sfml-window-s.lib(JoystickImpl.cpp.obj) : error LNK2038: mismatch detected for '_ITERATOR_DEBUG_LEVEL': value '0' doesn't match value '2' in main.obj
     1>sfml-system-s.lib(String.cpp.obj) : error LNK2038: mismatch detected for '_ITERATOR_DEBUG_LEVEL': value '0' doesn't match value '2' in main.obj
     1>sfml-system-s.lib(Err.cpp.obj) : error LNK2038: mismatch detected for '_ITERATOR_DEBUG_LEVEL': value '0' doesn't match value '2' in main.obj
     1>sfml-system-s.lib(ThreadLocal.cpp.obj) : error LNK2038: mismatch detected for '_ITERATOR_DEBUG_LEVEL': value '0' doesn't match value '2' in main.obj
     1>sfml-graphics-s.lib(RenderWindow.cpp.obj) : error LNK2038: mismatch detected for '_ITERATOR_DEBUG_LEVEL': value '0' doesn't match value '2' in main.obj
     1>sfml-graphics-s.lib(RenderTarget.cpp.obj) : error LNK2038: mismatch detected for '_ITERATOR_DEBUG_LEVEL': value '0' doesn't match value '2' in main.obj
     1>sfml-graphics-s.lib(Color.cpp.obj) : error LNK2038: mismatch detected for '_ITERATOR_DEBUG_LEVEL': value '0' doesn't match value '2' in main.obj
     1>sfml-graphics-s.lib(Image.cpp.obj) : error LNK2038: mismatch detected for '_ITERATOR_DEBUG_LEVEL': value '0' doesn't match value '2' in main.obj
     1>sfml-graphics-s.lib(Transform.cpp.obj) : error LNK2038: mismatch detected for '_ITERATOR_DEBUG_LEVEL': value '0' doesn't match value '2' in main.obj
     1>sfml-graphics-s.lib(Texture.cpp.obj) : error LNK2038: mismatch detected for '_ITERATOR_DEBUG_LEVEL': value '0' doesn't match value '2' in main.obj
     1>sfml-graphics-s.lib(Shader.cpp.obj) : error LNK2038: mismatch detected for '_ITERATOR_DEBUG_LEVEL': value '0' doesn't match value '2' in main.obj
     1>sfml-graphics-s.lib(View.cpp.obj) : error LNK2038: mismatch detected for '_ITERATOR_DEBUG_LEVEL': value '0' doesn't match value '2' in main.obj
     1>sfml-graphics-s.lib(GLCheck.cpp.obj) : error LNK2038: mismatch detected for '_ITERATOR_DEBUG_LEVEL': value '0' doesn't match value '2' in main.obj
     1>sfml-graphics-s.lib(ImageLoader.cpp.obj) : error LNK2038: mismatch detected for '_ITERATOR_DEBUG_LEVEL': value '0' doesn't match value '2' in main.obj
     1>sfml-graphics-s.lib(TextureSaver.cpp.obj) : error LNK2038: mismatch detected for '_ITERATOR_DEBUG_LEVEL': value '0' doesn't match value '2' in main.obj
     1>LINK : warning LNK4098: defaultlib 'MSVCRT' conflicts with use of other libs; use /NODEFAULTLIB:library
     1>C:\Users\radoms_m\Desktop\RType_vs2010\Debug\RType_vs2010.exe : fatal error LNK1319: 23 mismatches detected
     1>Done Building Project "C:\Users\radoms_m\Desktop\RType_vs2010\RType_vs2010\RType_vs2010.vcxproj" (build target(s)) -- FAILED.

Build FAILED.

Time Elapsed 00:00:00.43
