Build started 29/10/2013 11:19:09.
     1>Project "C:\Users\radoms_m\Desktop\RType_vs2010\RType_vs2010\RType_vs2010.vcxproj" on node 2 (build target(s)).
     1>InitializeBuildStatus:
         Touching "Release\RType_vs2010.unsuccessfulbuild".
       ClCompile:
         c:\Program Files (x86)\Microsoft Visual Studio 10.0\VC\bin\CL.exe /c /I"C:\Users\radoms_m\Desktop\SFML-2.1-windows-vc10-32bits\SFML-2.1\include" /Zi /nologo /W3 /WX- /O2 /Oi /Oy- /GL /D SFML_STATIC /D WIN32 /D NDEBUG /D _CONSOLE /D _UNICODE /D UNICODE /Gm- /EHsc /MD /GS /Gy /fp:precise /Zc:wchar_t /Zc:forScope /Fo"Release\\" /Fd"Release\vc100.pdb" /Gd /TP /analyze- /errorReport:prompt main.cpp
         main.cpp
       Link:
         c:\Program Files (x86)\Microsoft Visual Studio 10.0\VC\bin\link.exe /ERRORREPORT:PROMPT /OUT:"C:\Users\radoms_m\Desktop\RType_vs2010\Release\RType_vs2010.exe" /INCREMENTAL:NO /NOLOGO /LIBPATH:"C:\Users\radoms_m\Desktop\SFML-2.1-windows-vc10-32bits\SFML-2.1\lib" "sfml-window-s.lib" "sfml-system-s.lib" "sfml-network-s.lib" "sfml-graphics-s.lib" "sfml-audio-s.lib" kernel32.lib user32.lib gdi32.lib winspool.lib comdlg32.lib advapi32.lib shell32.lib ole32.lib oleaut32.lib uuid.lib odbc32.lib odbccp32.lib /MANIFEST /ManifestFile:"Release\RType_vs2010.exe.intermediate.manifest" /MANIFESTUAC:"level='asInvoker' uiAccess='false'" /DEBUG /PDB:"C:\Users\radoms_m\Desktop\RType_vs2010\Release\RType_vs2010.pdb" /SUBSYSTEM:CONSOLE /OPT:REF /OPT:ICF /LTCG /TLBID:1 /DYNAMICBASE /NXCOMPAT /IMPLIB:"C:\Users\radoms_m\Desktop\RType_vs2010\Release\RType_vs2010.lib" /MACHINE:X86 Release\main.obj
         Generating code
         Finished generating code
         RType_vs2010.vcxproj -> C:\Users\radoms_m\Desktop\RType_vs2010\Release\RType_vs2010.exe
       Manifest:
         C:\Program Files (x86)\Microsoft SDKs\Windows\v7.0A\bin\mt.exe /nologo /verbose /outputresource:"C:\Users\radoms_m\Desktop\RType_vs2010\Release\RType_vs2010.exe;#1" /manifest Release\RType_vs2010.exe.intermediate.manifest
       FinalizeBuildStatus:
         Deleting file "Release\RType_vs2010.unsuccessfulbuild".
         Touching "Release\RType_vs2010.lastbuildstate".
     1>Done Building Project "C:\Users\radoms_m\Desktop\RType_vs2010\RType_vs2010\RType_vs2010.vcxproj" (build target(s)).

Build succeeded.

Time Elapsed 00:00:02.01
