C:\USERS\RADOMS_M\DESKTOP\RTYPE\RTYPE_VS2010\RELEASE\RTYPE_VS2010.EXE
C:\USERS\RADOMS_M\DESKTOP\RTYPE\RTYPE_VS2010\RELEASE\RTYPE_VS2010.PDB
C:\Users\radoms_m\Desktop\rtype\RType_vs2010\RType_vs2010\Release\cl.command.1.tlog
C:\Users\radoms_m\Desktop\rtype\RType_vs2010\RType_vs2010\Release\CL.read.1.tlog
C:\Users\radoms_m\Desktop\rtype\RType_vs2010\RType_vs2010\Release\CL.write.1.tlog
C:\Users\radoms_m\Desktop\rtype\RType_vs2010\RType_vs2010\Release\ConnexionState.obj
C:\Users\radoms_m\Desktop\rtype\RType_vs2010\RType_vs2010\Release\link.command.1.tlog
C:\Users\radoms_m\Desktop\rtype\RType_vs2010\RType_vs2010\Release\link.read.1.tlog
C:\Users\radoms_m\Desktop\rtype\RType_vs2010\RType_vs2010\Release\link.write.1.tlog
C:\Users\radoms_m\Desktop\rtype\RType_vs2010\RType_vs2010\Release\main.obj
C:\Users\radoms_m\Desktop\rtype\RType_vs2010\RType_vs2010\Release\mt.command.1.tlog
C:\Users\radoms_m\Desktop\rtype\RType_vs2010\RType_vs2010\Release\mt.read.1.tlog
C:\Users\radoms_m\Desktop\rtype\RType_vs2010\RType_vs2010\Release\mt.write.1.tlog
C:\USERS\RADOMS_M\DESKTOP\RTYPE\RTYPE_VS2010\RTYPE_VS2010\RELEASE\RTYPE_VS2010.EXE.INTERMEDIATE.MANIFEST
C:\Users\radoms_m\Desktop\rtype\RType_vs2010\RType_vs2010\Release\vc100.pdb
C:\USERS\RADOMS_M\DESKTOP\RTYPE\RTYPE_VS2010\RTYPE_VS2010\RELEASE\WINSOCKET.OBJ
C:\USERS\RADOMS_M\DESKTOP\RTYPE_VS2010\RELEASE\RTYPE_VS2010.EXE
C:\USERS\RADOMS_M\DESKTOP\RTYPE_VS2010\RELEASE\RTYPE_VS2010.PDB
C:\USERS\RADOMS_M\DESKTOP\RTYPE_VS2010\RTYPE_VS2010\RELEASE\MAIN.OBJ
C:\USERS\RADOMS_M\DESKTOP\RTYPE_VS2010\RTYPE_VS2010\RELEASE\RTYPE_VS2010.EXE.INTERMEDIATE.MANIFEST
C:\USERS\RADOMS_M\DESKTOP\RTYPE_VS2010\RTYPE_VS2010\RELEASE\VC100.PDB
